<?xml version="1.0" encoding="UTF-8"?>
<testsuite name="hk.ust.comp3021.actions.UploadPaperActionTest" tests="3" skipped="0" failures="0" errors="0" timestamp="2023-03-09T05:47:00" hostname="KadeAir-4" time="0.028">
  <properties/>
  <testcase name="testUploadPaperAction_CheckPaperBase()" classname="hk.ust.comp3021.actions.UploadPaperActionTest" time="0.011"/>
  <testcase name="testUploadPaperAction_CheckPaperSet()" classname="hk.ust.comp3021.actions.UploadPaperActionTest" time="0.014"/>
  <testcase name="testUploadPaperAction_IsSuccessCheck()" classname="hk.ust.comp3021.actions.UploadPaperActionTest" time="0.003"/>
  <system-out><![CDATA[]]></system-out>
  <system-err><![CDATA[]]></system-err>
</testsuite>
