<?xml version="1.0" encoding="UTF-8"?>
<testsuite name="hk.ust.comp3021.actions.AddCommentActionTest" tests="3" skipped="0" failures="0" errors="0" timestamp="2023-03-09T04:29:53" hostname="KadeAir-4" time="0.035">
  <properties/>
  <testcase name="testAddCommentAction_UserOwnershipOfCommentOfComment()" classname="hk.ust.comp3021.actions.AddCommentActionTest" time="0.014"/>
  <testcase name="testAddCommentAction_OwnershipOfCommentOfComment()" classname="hk.ust.comp3021.actions.AddCommentActionTest" time="0.012"/>
  <testcase name="testAddCommentAction_OwnershipOfCommentOfPaper()" classname="hk.ust.comp3021.actions.AddCommentActionTest" time="0.009"/>
  <system-out><![CDATA[]]></system-out>
  <system-err><![CDATA[]]></system-err>
</testsuite>
