<?xml version="1.0" encoding="UTF-8"?>
<testsuite name="hk.ust.comp3021.actions.AddLabelActionTest" tests="3" skipped="0" failures="0" errors="0" timestamp="2023-03-08T17:02:36" hostname="KadeAir-4" time="0.021">
  <properties/>
  <testcase name="testAddLabelAction_LabelsInEngineOwnership()" classname="hk.ust.comp3021.actions.AddLabelActionTest" time="0.007"/>
  <testcase name="testAddLabelAction_PaperLabelOwnership()" classname="hk.ust.comp3021.actions.AddLabelActionTest" time="0.006"/>
  <testcase name="testAddLabelAction_ActionsSize()" classname="hk.ust.comp3021.actions.AddLabelActionTest" time="0.006"/>
  <system-out><![CDATA[]]></system-out>
  <system-err><![CDATA[]]></system-err>
</testsuite>
