<?xml version="1.0" encoding="UTF-8"?>
<testsuite name="hk.ust.comp3021.actions.DownloadPaperActionTest" tests="2" skipped="0" failures="0" errors="0" timestamp="2023-03-07T18:51:45" hostname="KadeAir-4" time="0.002">
  <properties/>
  <testcase name="testDownloadPaperAction_ActionsSize()" classname="hk.ust.comp3021.actions.DownloadPaperActionTest" time="0.001"/>
  <testcase name="testDownloadPaperAction_FileExist()" classname="hk.ust.comp3021.actions.DownloadPaperActionTest" time="0.001"/>
  <system-out><![CDATA[]]></system-out>
  <system-err><![CDATA[]]></system-err>
</testsuite>
