<?xml version="1.0" encoding="UTF-8"?>
<testsuite name="hk.ust.comp3021.MiniMendeleyTest" tests="1" skipped="0" failures="0" errors="0" timestamp="2023-03-07T18:51:45" hostname="KadeAir-4" time="0.004">
  <properties/>
  <testcase name="testUserRegister()" classname="hk.ust.comp3021.MiniMendeleyTest" time="0.004"/>
  <system-out><![CDATA[]]></system-out>
  <system-err><![CDATA[]]></system-err>
</testsuite>
